Using pre-set license
Built from '2020.3/staging' branch; Version is '2020.3.13f1 (71691879b7f5) revision 7432472'; Using compiler version '192528614'; Build Type 'Release'
OS: 'Windows 10 Home; OS build 19043.1415; Version 2009; 64bit' Language: 'en' Physical Memory: 8127 MB
BatchMode: 1, IsHumanControllingUs: 0, StartBugReporterOnCrash: 0, Is64bit: 1, IsPro: 0

 COMMAND LINE ARGUMENTS:
C:\Program Files\Unity\Hub\Editor\2020.3.13f1\Editor\Unity.exe
-adb2
-batchMode
-noUpm
-name
AssetImportWorker1
-projectPath
C:/Users/Rui/Documents/GitHub/Project-Aliens/Project Aliens
-logFile
Logs/AssetImportWorker1.log
-srvPort
50230
Successfully changed project path to: C:/Users/Rui/Documents/GitHub/Project-Aliens/Project Aliens
C:/Users/Rui/Documents/GitHub/Project-Aliens/Project Aliens
Using Asset Import Pipeline V2.
Refreshing native plugins compatible for Editor in 5544.05 ms, found 2 plugins.
Preloading 0 native plugins for Editor in 0.00 ms.
Initialize engine version: 2020.3.13f1 (71691879b7f5)
[Subsystems] Discovering subsystems at path C:/Program Files/Unity/Hub/Editor/2020.3.13f1/Editor/Data/Resources/UnitySubsystems
[Subsystems] Discovering subsystems at path C:/Users/Rui/Documents/GitHub/Project-Aliens/Project Aliens/Assets
GfxDevice: creating device client; threaded=0
